<?xml version="1.0" encoding="UTF-8"?>
<!-- Generated by org.testng.reporters.JUnitReportReporter -->
<testsuite hostname="LAPTOP-RTE91USM" failures="0" tests="4" name="com.mytests.SauceTest" time="235.368" errors="0" timestamp="2021-12-08T16:06:52 IST" skipped="0">
  <testcase classname="com.mytests.SauceTest" name="checkInventoryItemTest" time="25.977"/>
  <system-out/>
  <testcase classname="com.mytests.SauceTest" name="checkInventoryItemTest" time="20.486"/>
  <system-out/>
  <testcase classname="com.mytests.SauceTest" name="checkAddToCartButtonTest" time="89.963"/>
  <system-out/>
  <testcase classname="com.mytests.SauceTest" name="checkAddToCartButtonTest" time="98.942"/>
  <system-out/>
</testsuite> <!-- com.mytests.SauceTest -->
