<?xml version="1.0" encoding="UTF-8"?>
<!-- Generated by org.testng.reporters.JUnitReportReporter -->
<testsuite hostname="LAPTOP-RTE91USM" failures="0" tests="1" name="HRM.Testcases.Verfy_HRM_Login" time="20.863" errors="0" timestamp="2021-12-02T16:11:05 IST" skipped="0">
  <testcase classname="HRM.Testcases.Verfy_HRM_Login" name="verifyValidLogin" time="20.863"/>
  <system-out/>
</testsuite> <!-- HRM.Testcases.Verfy_HRM_Login -->
