<?xml version="1.0" encoding="UTF-8"?>
<!-- Generated by org.testng.reporters.JUnitReportReporter -->
<testsuite hostname="LAPTOP-RTE91USM" failures="0" tests="1" name="emailVerify.LoginUsingSelenium" time="13.899" errors="0" timestamp="2021-11-27T13:39:22 IST" skipped="0">
  <testcase classname="emailVerify.LoginUsingSelenium" name="login" time="13.899"/>
  <system-out/>
</testsuite> <!-- emailVerify.LoginUsingSelenium -->
