<?xml version="1.0" encoding="UTF-8"?>
<!-- Generated by org.testng.reporters.JUnitReportReporter -->
<testsuite hostname="LAPTOP-RTE91USM" failures="0" tests="1" name="HRM.Testcases.Verify_valid_login" time="34.333" errors="0" timestamp="2021-12-02T22:26:57 IST" skipped="0">
  <testcase classname="HRM.Testcases.Verify_valid_login" name="checkvalidUser" time="34.333"/>
  <system-out/>
</testsuite> <!-- HRM.Testcases.Verify_valid_login -->
