<?xml version="1.0" encoding="UTF-8"?>
<!-- Generated by org.testng.reporters.JUnitReportReporter -->
<testsuite hostname="LAPTOP-RTE91USM" failures="0" tests="1" name="com.javatpoint3.Car_loan" time="0.019" errors="0" timestamp="2021-11-09T11:07:11 IST" skipped="0">
  <testcase classname="com.javatpoint3.Car_loan" name="car_loan" time="0.019"/>
  <system-out/>
</testsuite> <!-- com.javatpoint3.Car_loan -->
