<?xml version="1.0" encoding="UTF-8"?>
<!-- Generated by org.testng.reporters.JUnitReportReporter -->
<testsuite hostname="LAPTOP-RTE91USM" failures="0" tests="3" name="com.javatpoint10.After_Method" time="0.030" errors="0" timestamp="2021-11-09T17:18:45 IST" skipped="0">
  <testcase classname="com.javatpoint10.After_Method" name="c_programmers" time="0.024"/>
  <system-out/>
  <testcase classname="com.javatpoint10.After_Method" name="java_programmers" time="0.002"/>
  <system-out/>
  <testcase classname="com.javatpoint10.After_Method" name="dotnet_developer" time="0.004"/>
  <system-out/>
</testsuite> <!-- com.javatpoint10.After_Method -->
