<?xml version="1.0" encoding="UTF-8"?>
<!-- Generated by org.testng.reporters.JUnitReportReporter -->
<testsuite hostname="LAPTOP-RTE91USM" failures="0" tests="5" name="parallelTest.ParallelTestngDemo" time="0.057" errors="0" timestamp="2021-11-18T17:21:25 IST" skipped="0">
  <testcase classname="parallelTest.ParallelTestngDemo" name="Test2" time="0.001"/>
  <system-out/>
  <testcase classname="parallelTest.ParallelTestngDemo" name="Test1" time="0.018"/>
  <system-out/>
  <testcase classname="parallelTest.ParallelTestngDemo" name="Test3" time="0.002"/>
  <system-out/>
  <testcase classname="parallelTest.ParallelTestngDemo" name="Test1" time="0.018"/>
  <system-out/>
  <testcase classname="parallelTest.ParallelTestngDemo" name="Test1" time="0.018"/>
  <system-out/>
</testsuite> <!-- parallelTest.ParallelTestngDemo -->
