<?xml version="1.0" encoding="UTF-8"?>
<!-- Generated by org.testng.reporters.JUnitReportReporter -->
<testsuite hostname="LAPTOP-RTE91USM" failures="0" tests="1" name="testcases.UploadFileUsingAutoIT" time="17.295" errors="0" timestamp="2021-11-18T15:26:32 IST" skipped="0">
  <testcase classname="testcases.UploadFileUsingAutoIT" name="UploadFileUsingAutoITTest" time="17.295"/>
  <system-out/>
</testsuite> <!-- testcases.UploadFileUsingAutoIT -->
