<?xml version="1.0" encoding="UTF-8"?>
<!-- Generated by org.testng.reporters.JUnitReportReporter -->
<testsuite hostname="LAPTOP-RTE91USM" failures="0" tests="3" name="com.javatpoint8.Class1" time="0.016" errors="0" timestamp="2021-11-09T16:32:52 IST" skipped="0">
  <testcase classname="com.javatpoint8.Class1" name="testcase3" time="0.002"/>
  <system-out/>
  <testcase classname="com.javatpoint8.Class1" name="testcase2" time="0.002"/>
  <system-out/>
  <testcase classname="com.javatpoint8.Class1" name="testcase1" time="0.012"/>
  <system-out/>
</testsuite> <!-- com.javatpoint8.Class1 -->
