<?xml version="1.0" encoding="UTF-8"?>
<!-- Generated by org.testng.reporters.JUnitReportReporter -->
<testsuite hostname="LAPTOP-RTE91USM" failures="0" tests="2" name="crossBrowserTesting.CrossBrowser" time="57.063" errors="0" timestamp="2021-11-22T10:38:52 IST" skipped="0">
  <testcase classname="crossBrowserTesting.CrossBrowser" name="testparameterwithXML" time="30.527"/>
  <system-out/>
  <testcase classname="crossBrowserTesting.CrossBrowser" name="testparameterwithXML" time="26.536"/>
  <system-out/>
</testsuite> <!-- crossBrowserTesting.CrossBrowser -->
