<?xml version="1.0" encoding="UTF-8"?>
<!-- Generated by org.testng.reporters.JUnitReportReporter -->
<testsuite hostname="LAPTOP-RTE91USM" failures="0" tests="3" name="com.javatpoint.Test1" time="0.020" errors="0" timestamp="2021-11-09T13:07:47 IST" skipped="0">
  <testcase classname="com.javatpoint.Test1" name="MobileLoginCarLoan" time="0.013"/>
  <system-out/>
  <testcase classname="com.javatpoint.Test1" name="MobileLoginPersonalLoan" time="0.004"/>
  <system-out/>
  <testcase classname="com.javatpoint.Test1" name="MobileLoginHomeLoan" time="0.003"/>
  <system-out/>
</testsuite> <!-- com.javatpoint.Test1 -->
