<?xml version="1.0" encoding="UTF-8"?>
<!-- Generated by org.testng.reporters.JUnitReportReporter -->
<testsuite hostname="LAPTOP-RTE91USM" failures="0" tests="2" name="testng.Saucedemo" time="39.610" errors="0" timestamp="2021-11-23T12:00:55 IST" skipped="0">
  <testcase classname="testng.Saucedemo" name="launch" time="35.190"/>
  <system-out/>
  <testcase classname="testng.Saucedemo" name="termination" time="4.420"/>
  <system-out/>
</testsuite> <!-- testng.Saucedemo -->
