<?xml version="1.0" encoding="UTF-8"?>
<!-- Generated by org.testng.reporters.JUnitReportReporter -->
<testsuite hostname="LAPTOP-RTE91USM" failures="0" tests="3" name="enabled.Programming_languages" time="0.029" errors="0" timestamp="2021-11-09T22:25:10 IST" skipped="1">
  <testcase classname="enabled.Programming_languages" name="c_language" time="0.027"/>
  <system-out/>
  <testcase classname="enabled.Programming_languages" name="java" time="0.002"/>
  <system-out/>
  <testcase classname="enabled.Programming_languages" name="jira">
    <skipped/>
  </testcase> <!-- jira -->
  <system-out/>
</testsuite> <!-- enabled.Programming_languages -->
