<?xml version="1.0" encoding="UTF-8"?>
<!-- Generated by org.testng.reporters.JUnitReportReporter -->
<testsuite hostname="LAPTOP-RTE91USM" failures="0" tests="1" name="testcases.UploadFileUsingRobotClass" time="23.573" errors="0" timestamp="2021-11-18T13:20:17 IST" skipped="0">
  <testcase classname="testcases.UploadFileUsingRobotClass" name="UploadFileUsingRobotClassTest" time="23.573"/>
  <system-out/>
</testsuite> <!-- testcases.UploadFileUsingRobotClass -->
