<?xml version="1.0" encoding="UTF-8"?>
<!-- Generated by org.testng.reporters.JUnitReportReporter -->
<testsuite hostname="LAPTOP-RTE91USM" failures="0" tests="3" name="priority.Fruits" time="0.035" errors="0" timestamp="2021-11-09T21:48:53 IST" skipped="0">
  <testcase classname="priority.Fruits" name="mango" time="0.027"/>
  <system-out/>
  <testcase classname="priority.Fruits" name="apple" time="0.004"/>
  <system-out/>
  <testcase classname="priority.Fruits" name="watermelon" time="0.004"/>
  <system-out/>
</testsuite> <!-- priority.Fruits -->
