<?xml version="1.0" encoding="UTF-8"?>
<!-- Generated by org.testng.reporters.JUnitReportReporter -->
<testsuite hostname="LAPTOP-RTE91USM" failures="0" tests="2" name="day1.Module1" time="0.022" errors="0" timestamp="2021-11-08T17:19:39 IST" skipped="0">
  <testcase classname="day1.Module1" name="test1" time="0.020"/>
  <system-out/>
  <testcase classname="day1.Module1" name="test2" time="0.002"/>
  <system-out/>
</testsuite> <!-- day1.Module1 -->
