<?xml version="1.0" encoding="UTF-8"?>
<!-- Generated by org.testng.reporters.JUnitReportReporter -->
<testsuite hostname="LAPTOP-RTE91USM" failures="0" tests="1" name="com.javatpoint3.Personal_loan" time="0.002" errors="0" timestamp="2021-11-09T11:07:11 IST" skipped="0">
  <testcase classname="com.javatpoint3.Personal_loan" name="personal_loan" time="0.002"/>
  <system-out/>
</testsuite> <!-- com.javatpoint3.Personal_loan -->
