<?xml version="1.0" encoding="UTF-8"?>
<!-- Generated by org.testng.reporters.JUnitReportReporter -->
<testsuite hostname="LAPTOP-RTE91USM" failures="0" tests="2" name="com.javatpoint7.Class2" time="0.009" errors="0" timestamp="2021-11-09T13:59:40 IST" skipped="0">
  <testcase classname="com.javatpoint7.Class2" name="testcase4" time="0.005"/>
  <system-out/>
  <testcase classname="com.javatpoint7.Class2" name="testcase3" time="0.004"/>
  <system-out/>
</testsuite> <!-- com.javatpoint7.Class2 -->
