<?xml version="1.0" encoding="UTF-8"?>
<!-- Generated by org.testng.reporters.JUnitReportReporter -->
<testsuite hostname="LAPTOP-RTE91USM" failures="0" tests="1" name="com.javatpoint1.Car_loan" time="0.002" errors="0" timestamp="2021-11-08T21:32:51 IST" skipped="0">
  <testcase classname="com.javatpoint1.Car_loan" name="APILoginCarLoan" time="0.002"/>
  <system-out/>
</testsuite> <!-- com.javatpoint1.Car_loan -->
