<?xml version="1.0" encoding="UTF-8"?>
<!-- Generated by org.testng.reporters.JUnitReportReporter -->
<testsuite hostname="LAPTOP-RTE91USM" failures="0" tests="4" name="com.qa.tests.DeamoTest" time="0.020" errors="0" timestamp="2021-11-08T16:24:17 IST" skipped="0">
  <testcase classname="com.qa.tests.DeamoTest" name="sum" time="0.002"/>
  <system-out/>
  <testcase classname="com.qa.tests.DeamoTest" name="multi" time="0.001"/>
  <system-out/>
  <testcase classname="com.qa.tests.DeamoTest" name="div" time="0.016"/>
  <system-out/>
  <testcase classname="com.qa.tests.DeamoTest" name="sub" time="0.001"/>
  <system-out/>
</testsuite> <!-- com.qa.tests.DeamoTest -->
