<?xml version="1.0" encoding="UTF-8"?>
<!-- Generated by org.testng.reporters.JUnitReportReporter -->
<testsuite hostname="LAPTOP-RTE91USM" failures="0" tests="4" name="com.javatpoint2.Groups" time="0.027" errors="0" timestamp="2021-11-09T10:37:46 IST" skipped="0">
  <testcase classname="com.javatpoint2.Groups" name="testcase2" time="0.003"/>
  <system-out/>
  <testcase classname="com.javatpoint2.Groups" name="testcase1" time="0.018"/>
  <system-out/>
  <testcase classname="com.javatpoint2.Groups" name="testcase3" time="0.003"/>
  <system-out/>
  <testcase classname="com.javatpoint2.Groups" name="testcase2" time="0.003"/>
  <system-out/>
</testsuite> <!-- com.javatpoint2.Groups -->
