<?xml version="1.0" encoding="UTF-8"?>
<!-- Generated by org.testng.reporters.JUnitReportReporter -->
<testsuite hostname="LAPTOP-RTE91USM" failures="0" tests="1" name="com.javatpoint.Exclude" time="0.018" errors="0" timestamp="2021-11-08T21:07:43 IST" skipped="0">
  <testcase classname="com.javatpoint.Exclude" name="owner_name" time="0.018"/>
  <system-out/>
</testsuite> <!-- com.javatpoint.Exclude -->
