<?xml version="1.0" encoding="UTF-8"?>
<!-- Generated by org.testng.reporters.JUnitReportReporter -->
<testsuite hostname="LAPTOP-RTE91USM" failures="0" tests="4" name="com.javatpoint8.Class2" time="0.023" errors="0" timestamp="2021-11-09T16:32:52 IST" skipped="0">
  <testcase classname="com.javatpoint8.Class2" name="testcase1" time="0.005"/>
  <system-out/>
  <testcase classname="com.javatpoint8.Class2" name="testcase3" time="0.003"/>
  <system-out/>
  <testcase classname="com.javatpoint8.Class2" name="testcase2" time="0.010"/>
  <system-out/>
  <testcase classname="com.javatpoint8.Class2" name="testcase4" time="0.005"/>
  <system-out/>
</testsuite> <!-- com.javatpoint8.Class2 -->
