<?xml version="1.0" encoding="UTF-8"?>
<!-- Generated by org.testng.reporters.JUnitReportReporter -->
<testsuite hostname="LAPTOP-RTE91USM" failures="0" tests="3" name="description.Class1" time="0.044" errors="0" timestamp="2021-11-09T21:33:14 IST" skipped="0">
  <testcase classname="description.Class1" name="testcase2" time="0.007"/>
  <system-out/>
  <testcase classname="description.Class1" name="testcase3" time="0.008"/>
  <system-out/>
  <testcase classname="description.Class1" name="testcase1" time="0.029"/>
  <system-out/>
</testsuite> <!-- description.Class1 -->
