<?xml version="1.0" encoding="UTF-8"?>
<!-- Generated by org.testng.reporters.JUnitReportReporter -->
<testsuite hostname="LAPTOP-RTE91USM" failures="0" tests="2" name="com.javatpoint4.Module1" time="0.036" errors="0" timestamp="2021-11-09T12:04:37 IST" skipped="0">
  <testcase classname="com.javatpoint4.Module1" name="a_test" time="0.031"/>
  <system-out/>
  <testcase classname="com.javatpoint4.Module1" name="b_test" time="0.005"/>
  <system-out/>
</testsuite> <!-- com.javatpoint4.Module1 -->
