<?xml version="1.0" encoding="UTF-8"?>
<!-- Generated by org.testng.reporters.JUnitReportReporter -->
<testsuite hostname="LAPTOP-RTE91USM" failures="0" tests="2" name="com.javatpoint9.Before_Methods" time="0.019" errors="0" timestamp="2021-11-09T16:39:57 IST" skipped="0">
  <testcase classname="com.javatpoint9.Before_Methods" name="difference" time="0.018"/>
  <system-out/>
  <testcase classname="com.javatpoint9.Before_Methods" name="sum" time="0.001"/>
  <system-out/>
</testsuite> <!-- com.javatpoint9.Before_Methods -->
