<?xml version="1.0" encoding="UTF-8"?>
<!-- Generated by org.testng.reporters.JUnitReportReporter -->
<testsuite hostname="LAPTOP-RTE91USM" failures="0" tests="2" name="exclude_include_test_cases1.Module1" time="0.017" errors="0" timestamp="2021-11-08T17:05:21 IST" skipped="1">
  <testcase classname="exclude_include_test_cases1.Module1" name="test2" time="0.017"/>
  <system-out/>
  <testcase classname="exclude_include_test_cases1.Module1" name="test1">
    <skipped/>
  </testcase> <!-- test1 -->
  <system-out/>
</testsuite> <!-- exclude_include_test_cases1.Module1 -->
