<?xml version="1.0" encoding="UTF-8"?>
<!-- Generated by org.testng.reporters.JUnitReportReporter -->
<testsuite hostname="LAPTOP-RTE91USM" failures="0" tests="1" name="com.javatpoint6.Recurring_deposit" time="0.011" errors="0" timestamp="2021-11-09T13:22:49 IST" skipped="0">
  <testcase classname="com.javatpoint6.Recurring_deposit" name="recurring_deposit" time="0.011"/>
  <system-out/>
</testsuite> <!-- com.javatpoint6.Recurring_deposit -->
