<?xml version="1.0" encoding="UTF-8"?>
<!-- Generated by org.testng.reporters.JUnitReportReporter -->
<testsuite hostname="LAPTOP-RTE91USM" failures="0" tests="2" name="com.javatpoint6.Fixed_deposit" time="0.006" errors="0" timestamp="2021-11-09T13:22:49 IST" skipped="0">
  <testcase classname="com.javatpoint6.Fixed_deposit" name="roi" time="0.003"/>
  <system-out/>
  <testcase classname="com.javatpoint6.Fixed_deposit" name="fixed_deposit" time="0.003"/>
  <system-out/>
</testsuite> <!-- com.javatpoint6.Fixed_deposit -->
