<?xml version="1.0" encoding="UTF-8"?>
<!-- Generated by org.testng.reporters.JUnitReportReporter -->
<testsuite hostname="LAPTOP-RTE91USM" failures="0" tests="1" name="day2.Test1" time="0.020" errors="0" timestamp="2021-11-08T20:41:48 IST" skipped="0">
  <testcase classname="day2.Test1" name="test1" time="0.020"/>
  <system-out/>
</testsuite> <!-- day2.Test1 -->
