<?xml version="1.0" encoding="UTF-8"?>
<!-- Generated by org.testng.reporters.JUnitReportReporter -->
<testsuite hostname="LAPTOP-RTE91USM" failures="0" tests="3" name="dependsOnMethods.Depends_On_Groups" time="0.036" errors="0" timestamp="2021-11-09T21:43:54 IST" skipped="0">
  <testcase classname="dependsOnMethods.Depends_On_Groups" name="testcase1" time="0.003"/>
  <system-out/>
  <testcase classname="dependsOnMethods.Depends_On_Groups" name="testcase3" time="0.011"/>
  <system-out/>
  <testcase classname="dependsOnMethods.Depends_On_Groups" name="testcase2" time="0.022"/>
  <system-out/>
</testsuite> <!-- dependsOnMethods.Depends_On_Groups -->
