<?xml version="1.0" encoding="UTF-8"?>
<!-- Generated by org.testng.reporters.JUnitReportReporter -->
<testsuite hostname="LAPTOP-RTE91USM" failures="0" tests="2" name="groups.Software_Company" time="0.018" errors="0" timestamp="2021-11-09T22:29:15 IST" skipped="0">
  <testcase classname="groups.Software_Company" name="infosys" time="0.016"/>
  <system-out/>
  <testcase classname="groups.Software_Company" name="wipro" time="0.002"/>
  <system-out/>
</testsuite> <!-- groups.Software_Company -->
