<?xml version="1.0" encoding="UTF-8"?>
<!-- Generated by org.testng.reporters.JUnitReportReporter -->
<testsuite hostname="LAPTOP-RTE91USM" failures="0" tests="3" name="dependsOnMethods.Class1" time="0.022" errors="0" timestamp="2021-11-09T21:36:57 IST" skipped="0">
  <testcase classname="dependsOnMethods.Class1" name="MobileStudentLogin" time="0.015"/>
  <system-out/>
  <testcase classname="dependsOnMethods.Class1" name="WebStudentLogin" time="0.005"/>
  <system-out/>
  <testcase classname="dependsOnMethods.Class1" name="APIStudentLogin" time="0.002"/>
  <system-out/>
</testsuite> <!-- dependsOnMethods.Class1 -->
