<?xml version="1.0" encoding="UTF-8"?>
<!-- Generated by org.testng.reporters.JUnitReportReporter -->
<testsuite hostname="LAPTOP-RTE91USM" failures="0" tests="2" name="com.javatpoint11.Class1" time="0.008" errors="0" timestamp="2021-11-09T18:00:06 IST" skipped="0">
  <testcase classname="com.javatpoint11.Class1" name="testcase2" time="0.006"/>
  <system-out/>
  <testcase classname="com.javatpoint11.Class1" name="testcase3" time="0.002"/>
  <system-out/>
</testsuite> <!-- com.javatpoint11.Class1 -->
