<?xml version="1.0" encoding="UTF-8"?>
<!-- Generated by org.testng.reporters.JUnitReportReporter -->
<testsuite hostname="LAPTOP-RTE91USM" failures="0" tests="3" name="com.javatpoint12.After_groups" time="0.030" errors="0" timestamp="2021-11-09T18:06:26 IST" skipped="0">
  <testcase classname="com.javatpoint12.After_groups" name="testcase2" time="0.002"/>
  <system-out/>
  <testcase classname="com.javatpoint12.After_groups" name="testcase3" time="0.004"/>
  <system-out/>
  <testcase classname="com.javatpoint12.After_groups" name="testcase1" time="0.024"/>
  <system-out/>
</testsuite> <!-- com.javatpoint12.After_groups -->
