<?xml version="1.0" encoding="UTF-8"?>
<!-- Generated by org.testng.reporters.JUnitReportReporter -->
<testsuite hostname="LAPTOP-RTE91USM" failures="0" tests="3" name="com.javatpoint5.IT_department" time="0.017" errors="0" timestamp="2021-11-09T13:08:35 IST" skipped="0">
  <testcase classname="com.javatpoint5.IT_department" name="software_developers" time="0.003"/>
  <system-out/>
  <testcase classname="com.javatpoint5.IT_department" name="software_testers" time="0.002"/>
  <system-out/>
  <testcase classname="com.javatpoint5.IT_department" name="qa_analyst" time="0.012"/>
  <system-out/>
</testsuite> <!-- com.javatpoint5.IT_department -->
