<?xml version="1.0" encoding="UTF-8"?>
<!-- Generated by org.testng.reporters.JUnitReportReporter -->
<testsuite hostname="LAPTOP-RTE91USM" failures="0" tests="1" name="PdfReaderTest" time="4.179" errors="0" timestamp="2021-11-23T17:40:56 IST" skipped="0">
  <testcase classname="PdfReaderTest" name="readPDFTest" time="4.179"/>
  <system-out/>
</testsuite> <!-- PdfReaderTest -->
