<?xml version="1.0" encoding="UTF-8"?>
<!-- Generated by org.testng.reporters.JUnitReportReporter -->
<testsuite hostname="LAPTOP-RTE91USM" failures="0" tests="4" name="com.mytests.SauceTest" time="237.928" errors="0" timestamp="2021-12-08T15:38:51 IST" skipped="0">
  <testcase classname="com.mytests.SauceTest" name="checkInventoryItemTest" time="90.493"/>
  <system-out/>
  <testcase classname="com.mytests.SauceTest" name="checkInventoryItemTest" time="103.996"/>
  <system-out/>
  <testcase classname="com.mytests.SauceTest" name="checkAddToCartButtonTest" time="26.095"/>
  <system-out/>
  <testcase classname="com.mytests.SauceTest" name="checkAddToCartButtonTest" time="17.344"/>
  <system-out/>
</testsuite> <!-- com.mytests.SauceTest -->
